=~=~=~=~=~=~=~=~=~=~=~= PuTTY log 2022.03.10 14:21:30 =~=~=~=~=~=~=~=~=~=~=~=
156143
302 306 303 298
420 420 426 430
239 239 244 260146 147 146 143
298 308 305 300
415 420 427 432
223 231 236 257

132 142 139 137
289 297 293 287
411 414 421 424
234 239 239 260

136 141 141 138
292 298 295 289
418 418 425 430
246 246 248 272

136 141 140 139
289 296 293 287
421 421 427 432
222 230 226 243

137 141 140 138
292 298 294 288
423 420 428 435
244 235 235 252

138 141 142 140
295 300 299 292
419 416 420 428
246 239 234 259

134 137 139 136
285 290 288 282
424 422 426 431
233 238 231 246

134 139 139 137
282 290 287 281
423 422 427 432
239 232 233 250

132 137 135 133
278 285 282 275
423 423 429 433
227 221 217 233

137 142 142 140
288 295 292 286
424 424 431 436
212 220 219 246

144 148 148 146
298 304 302 297
424 423 427 431
236 231 231 244

148 152 152 151
307 313 312 306
421 418 423 428
225 236 239 257

148 152 152 150
306 308 310 304
409 407 407 413
243 250 238 258

150 153 153 152
306 310 309 305
416 414 418 421
223 228 226 243

145 149 148 147
298 303 301 297
416 413 417 421
236 231 229 245

145 147 147 145
297 300 299 293
416 414 417 420
248 247 240 256

146 149 149 147
297 304 301 294
397 395 400 403
257 251 249 270

146 150 149 148
299 306 304 297
398 393 399 401
258 253 253 267

148 152 150 148
308 315 311 305
405 401 406 411
248 243 246 264

149 152 153 150
307 313 312 306
404 401 405 409
259 256 255 273

152 154 155 153
304 309 308 303
405 401 405 409
254 246 254 273

153 156 156 154
308 313 312 306
405 402 406 412
245 240 237 259

150 155 154 153
308 312 310 305
402 399 404 408
251 245 250 266

153 157 156 154
309 314 313 307
397 394 397 402
254 260 259 279

152 157 156 154
311 317 315 309
403 400 404 409
254 254 254 273

154 156 156 154
312 316 315 309
396 393 396 402
253 245 245 267

152 155 155 153
310 316 312 307
405 402 406 412
249 254 252 270

153 156 155 154
310 314 312 307
405 401 405 411
250 242 246 264

152 155 156 154
308 311 310 305
401 400 402 408
260 264 257 277

151 153 153 151
302 305 305 299
393 389 393 399
268 261 262 280

150 153 153 151
302 306 305 298
410 407 411 416
255 253 251 272

149 158 157 154
300 304 302 297
403 401 405 409
273 264 258 278

162 167 213 209
303 306 304 298
396 394 399 402
266 262 260 277

152 154 154 151
303 303 302 298
402 402 405 410
255 260 253 272

166 167 167 165
314 316 316 310
401 399 403 407
252 254 256 274

153 155 156 153
315 317 317 311
396 393 397 401
255 253 249 264

151 153 153 151
312 312 311 306
389 391 394 398
237 244 244 269

148 152 151 149
309 313 310 304
403 400 405 409
245 238 239 259

149 153 152 151
310 314 310 306
407 408 411 416
227 232 231 252

148 152 152 150
302 303 305 300
396 397 402 406
231 237 240 259

150 154 154 153
311 314 312 306
414 410 415 420
246 237 237 251

152 154 154 152
309 311 310 304
407 406 409 414
241 241 241 258

1